<?xml version="1.0" encoding="UTF-8"?>
<!-- Generated by org.testng.reporters.JUnitXMLReporter -->
<testsuite ignored="0" hostname="Tanu" failures="1" tests="4" name="linux-firefox" time="32.48" errors="0" timestamp="2024-09-09T00:48:32 IST">
  <testcase classname="testCases.RegistrationTest" name="registration" time="5.123"/>
  <testcase classname="testCases.LoginPageTest" name="loginTest" time="1.146"/>
  <testcase classname="testCases.LoginTestWithDDT" name="loginTest_DDT" time="1.641"/>
  <testcase classname="testCases.LoginTestWithDDT" name="loginTest_DDT" time="1.387">
    <failure type="java.lang.AssertionError" message="expected [true] but found [false]">
      <![CDATA[java.lang.AssertionError: expected [true] but found [false]
at testCases.LoginTestWithDDT.loginTest_DDT(LoginTestWithDDT.java:45)
at java.base/java.util.ArrayList.forEach(ArrayList.java:1511)
... Removed 31 stack frames]]>
    </failure>
  </testcase> <!-- loginTest_DDT -->
</testsuite> <!-- linux-firefox -->
