<?xml version="1.0" encoding="UTF-8"?>
<!-- Generated by org.testng.reporters.JUnitXMLReporter -->
<testsuite ignored="0" hostname="Tanu" failures="0" tests="4" name="linux-chrome" time="26.528" errors="0" timestamp="2024-09-09T00:47:58 IST">
  <testcase classname="testCases.RegistrationTest" name="registration" time="5.401"/>
  <testcase classname="testCases.LoginPageTest" name="loginTest" time="1.177"/>
  <testcase classname="testCases.LoginTestWithDDT" name="loginTest_DDT" time="1.585"/>
  <testcase classname="testCases.LoginTestWithDDT" name="loginTest_DDT" time="1.507"/>
</testsuite> <!-- linux-chrome -->
