<?xml version="1.0" encoding="UTF-8"?>
<!-- Generated by org.testng.reporters.JUnitXMLReporter -->
<testsuite ignored="0" hostname="Tanu" failures="1" tests="1" name="Test" time="19.203" errors="0" timestamp="2024-08-29T15:47:14 IST">
  <testcase classname="testCases.RegistrationTest" name="registration" time="5.03">
    <failure type="java.lang.AssertionError" message="expected [true] but found [false]">
      <![CDATA[java.lang.AssertionError: expected [true] but found [false]
at testCases.RegistrationTest.registration(RegistrationTest.java:41)
at java.base/java.util.ArrayList.forEach(ArrayList.java:1511)
... Removed 31 stack frames]]>
    </failure>
  </testcase> <!-- registration -->
</testsuite> <!-- Test -->
