<?xml version="1.0" encoding="UTF-8"?>
<testng-results ignored="0" total="2" passed="2" failed="0" skipped="0">
  <reporter-output>
  </reporter-output>
  <suite started-at="2024-09-20T23:01:14 IST" name="Master Suite" finished-at="2024-09-20T23:01:38 IST" duration-ms="24785">
    <groups>
      <group name="regression">
        <method signature="RegistrationTest.registration()[pri:0, instance:testCases.RegistrationTest@3ec11999]" name="registration" class="testCases.RegistrationTest"/>
      </group> <!-- regression -->
      <group name="sanity">
        <method signature="LoginPageTest.loginTest()[pri:0, instance:testCases.LoginPageTest@18cc679e]" name="loginTest" class="testCases.LoginPageTest"/>
        <method signature="RegistrationTest.registration()[pri:0, instance:testCases.RegistrationTest@3ec11999]" name="registration" class="testCases.RegistrationTest"/>
      </group> <!-- sanity -->
    </groups>
    <test started-at="2024-09-20T23:01:14 IST" name="chrometest" finished-at="2024-09-20T23:01:38 IST" duration-ms="24785">
      <class name="testCases.LoginPageTest">
        <test-method is-config="true" signature="setup(java.lang.String,java.lang.String)[pri:0, instance:testCases.LoginPageTest@18cc679e]" started-at="2024-09-20T23:01:29 IST" name="setup" finished-at="2024-09-20T23:01:36 IST" duration-ms="7121" status="PASS">
          <params>
            <param index="0">
              <value>
                <![CDATA[windows]]>
              </value>
            </param>
            <param index="1">
              <value>
                <![CDATA[chrome]]>
              </value>
            </param>
          </params>
          <reporter-output>
          </reporter-output>
        </test-method> <!-- setup -->
        <test-method signature="loginTest()[pri:0, instance:testCases.LoginPageTest@18cc679e]" started-at="2024-09-20T23:01:36 IST" name="loginTest" finished-at="2024-09-20T23:01:38 IST" duration-ms="1502" status="PASS">
          <reporter-output>
          </reporter-output>
        </test-method> <!-- loginTest -->
        <test-method is-config="true" signature="tearDown()[pri:0, instance:testCases.LoginPageTest@18cc679e]" started-at="2024-09-20T23:01:38 IST" name="tearDown" finished-at="2024-09-20T23:01:38 IST" duration-ms="440" status="PASS">
          <reporter-output>
          </reporter-output>
        </test-method> <!-- tearDown -->
      </class> <!-- testCases.LoginPageTest -->
      <class name="testCases.RegistrationTest">
        <test-method is-config="true" signature="setup(java.lang.String,java.lang.String)[pri:0, instance:testCases.RegistrationTest@3ec11999]" started-at="2024-09-20T23:01:14 IST" name="setup" finished-at="2024-09-20T23:01:21 IST" duration-ms="7600" status="PASS">
          <params>
            <param index="0">
              <value>
                <![CDATA[windows]]>
              </value>
            </param>
            <param index="1">
              <value>
                <![CDATA[chrome]]>
              </value>
            </param>
          </params>
          <reporter-output>
          </reporter-output>
        </test-method> <!-- setup -->
        <test-method signature="registration()[pri:0, instance:testCases.RegistrationTest@3ec11999]" started-at="2024-09-20T23:01:22 IST" name="registration" finished-at="2024-09-20T23:01:27 IST" duration-ms="5467" status="PASS">
          <reporter-output>
          </reporter-output>
        </test-method> <!-- registration -->
        <test-method is-config="true" signature="tearDown()[pri:0, instance:testCases.RegistrationTest@3ec11999]" started-at="2024-09-20T23:01:27 IST" name="tearDown" finished-at="2024-09-20T23:01:29 IST" duration-ms="2290" status="PASS">
          <reporter-output>
          </reporter-output>
        </test-method> <!-- tearDown -->
      </class> <!-- testCases.RegistrationTest -->
    </test> <!-- chrometest -->
  </suite> <!-- Master Suite -->
</testng-results>
